
Showing logs for build [32mcb-kubecd-environment-pr-1562-2-rsm7j-1[0m stage [32mfrom-build-pack[0m and container [32mstep-credential-initializer-vkz6c[0m
{"level":"info","ts":1593193261.312407,"logger":"fallback-logger","caller":"logging/config.go:69","msg":"Fetch GitHub commit ID from kodata failed: open /var/run/ko/refs/heads/0.8.0-ns-support: no such file or directory"}
{"level":"info","ts":1593193261.3134882,"logger":"fallback-logger","caller":"creds-init/main.go:40","msg":"Credentials initialized."}

Showing logs for build [32mcb-kubecd-environment-pr-1562-2-rsm7j-1[0m stage [32mfrom-build-pack[0m and container [32mstep-working-dir-initializer-9nq8l[0m
{"level":"info","ts":1593193262.1310782,"logger":"fallback-logger","caller":"logging/config.go:69","msg":"Fetch GitHub commit ID from kodata failed: open /var/run/ko/HEAD: no such file or directory"}
{"level":"info","ts":1593193262.134915,"logger":"fallback-logger","caller":"bash/main.go:64","msg":"Successfully executed command \"sh -c mkdir -p /workspace/source\"; output "}

Showing logs for build [32mcb-kubecd-environment-pr-1562-2-rsm7j-1[0m stage [32mfrom-build-pack[0m and container [32mstep-place-tools[0m

Showing logs for build [32mcb-kubecd-environment-pr-1562-2-rsm7j-1[0m stage [32mfrom-build-pack[0m and container [32mstep-git-source-cb-kubecd-environment-pr-1562-2-rsm7j-5kck9[0m
{"level":"info","ts":1593193267.4292488,"logger":"fallback-logger","caller":"logging/config.go:69","msg":"Fetch GitHub commit ID from kodata failed: open /var/run/ko/refs/heads/0.8.0-ns-support: no such file or directory"}
{"level":"info","ts":1593193268.4672792,"logger":"fallback-logger","caller":"git/git.go:103","msg":"Successfully cloned https://github.com/cb-kubecd/environment-pr-1562-2-bdd-frontend-staging.git @ master in path /workspace/source"}

Showing logs for build [32mcb-kubecd-environment-pr-1562-2-rsm7j-1[0m stage [32mfrom-build-pack[0m and container [32mstep-setup-builder-home[0m

Showing logs for build [32mcb-kubecd-environment-pr-1562-2-rsm7j-1[0m stage [32mfrom-build-pack[0m and container [32mstep-git-merge[0m
Using SHAs from PULL_REFS=master:9c5de836d85b778c6ad3d3ac665119cf3a3aed06,1:d5005363b5c99d210253fd879e3f43f4cc240037
DEBUG: LC_ALL=C JX_LOG_LEVEL=error git fetch origin --unshallow d5005363b5c99d210253fd879e3f43f4cc240037: 9c5de836d85b778c6ad3d3ac665119cf3a3aed06:
DEBUG: ran git fetch --unshallow origin d5005363b5c99d210253fd879e3f43f4cc240037: 9c5de836d85b778c6ad3d3ac665119cf3a3aed06: in 
DEBUG: LC_ALL=C JX_LOG_LEVEL=error git branch
DEBUG: LC_ALL=C JX_LOG_LEVEL=error git checkout master
DEBUG: ran git checkout master in 
DEBUG: LC_ALL=C JX_LOG_LEVEL=error git reset --hard 9c5de836d85b778c6ad3d3ac665119cf3a3aed06
DEBUG: ran git reset --hard 9c5de836d85b778c6ad3d3ac665119cf3a3aed06 in 
DEBUG: JX_LOG_LEVEL=error LC_ALL=C git clean -fd .
DEBUG: ran clean --force -d . in 
DEBUG: LC_ALL=C JX_LOG_LEVEL=error git merge d5005363b5c99d210253fd879e3f43f4cc240037
DEBUG: ran git merge d5005363b5c99d210253fd879e3f43f4cc240037 in 
DEBUG: LC_ALL=C JX_LOG_LEVEL=error git log --format=%H%x1f%an%x1f%ae%x1f%cn%x1f%ce%x1f%s%n%b%x1e 9c5de836d85b778c6ad3d3ac665119cf3a3aed06..HEAD
Merged SHA d5005363b5c99d210253fd879e3f43f4cc240037 with commit message 'chore: Promote bdd-nh-1593192187 to version 0.0.1' into base branch master

Showing logs for build [32mcb-kubecd-environment-pr-1562-2-rsm7j-1[0m stage [32mfrom-build-pack[0m and container [32mstep-build-helm-build[0m
WARNING: No $CHART_REPOSITORY defined so using the default value of: http://jenkins-x-chartmuseum:8080
Adding missing Helm repo: storage.googleapis.com https://storage.googleapis.com/chartmuseum.jenkins-x.io
WARNING: No secrets found on "helm/repos" due: reading the secret "helm/repos" from vault: no secret "helm/repos" not found in vault
Read credentials for https://storage.googleapis.com/chartmuseum.jenkins-x.io from vault helm/repos
Successfully added Helm repository storage.googleapis.com.
Adding missing Helm repo: jenkins-x-chartmuseum http://jenkins-x-chartmuseum:8080
WARNING: No secrets found on "helm/repos" due: reading the secret "helm/repos" from vault: no secret "helm/repos" not found in vault
Read credentials for http://jenkins-x-chartmuseum:8080 from vault helm/repos
Successfully added Helm repository jenkins-x-chartmuseum.
WARNING: No $CHART_REPOSITORY defined so using the default value of: http://jenkins-x-chartmuseum:8080
Adding missing Helm repo: chartmuseum.jenkins-x.io http://chartmuseum.jenkins-x.io
WARNING: No secrets found on "helm/repos" due: reading the secret "helm/repos" from vault: no secret "helm/repos" not found in vault
Read credentials for http://chartmuseum.jenkins-x.io from vault helm/repos
Successfully added Helm repository chartmuseum.jenkins-x.io.
